2023-01-06 17:00:56,274 INFO    StreamThr :10932 [internal.py:wandb_internal():87] W&B internal server running at pid: 10932, started at: 2023-01-06 17:00:56.272466
2023-01-06 17:00:56,278 DEBUG   HandlerThread:10932 [handler.py:handle_request():139] handle_request: status
2023-01-06 17:00:56,283 DEBUG   SenderThread:10932 [sender.py:send_request():317] send_request: status
2023-01-06 17:00:56,286 DEBUG   SenderThread:10932 [sender.py:send():303] send: header
2023-01-06 17:00:56,287 INFO    WriterThread:10932 [datastore.py:open_for_write():75] open: c:\Users\rune7\Documents\GitHub\MLOps-Project-Detox\notebooks\wandb\run-20230106_170056-1828j9rr\run-1828j9rr.wandb
2023-01-06 17:00:56,351 DEBUG   SenderThread:10932 [sender.py:send():303] send: run
2023-01-06 17:00:56,752 DEBUG   HandlerThread:10932 [handler.py:handle_request():139] handle_request: check_version
2023-01-06 17:00:56,770 INFO    SenderThread:10932 [dir_watcher.py:__init__():216] watching files in: c:\Users\rune7\Documents\GitHub\MLOps-Project-Detox\notebooks\wandb\run-20230106_170056-1828j9rr\files
2023-01-06 17:00:56,770 INFO    SenderThread:10932 [sender.py:_start_run_threads():928] run started: 1828j9rr with start time 1673020856.269339
2023-01-06 17:00:56,770 DEBUG   SenderThread:10932 [sender.py:send():303] send: summary
2023-01-06 17:00:56,771 INFO    SenderThread:10932 [sender.py:_save_file():1171] saving file wandb-summary.json with policy end
2023-01-06 17:00:56,772 DEBUG   SenderThread:10932 [sender.py:send_request():317] send_request: check_version
2023-01-06 17:00:56,879 DEBUG   HandlerThread:10932 [handler.py:handle_request():139] handle_request: run_start
2023-01-06 17:00:56,921 DEBUG   HandlerThread:10932 [system_info.py:__init__():31] System info init
2023-01-06 17:00:56,921 DEBUG   HandlerThread:10932 [system_info.py:__init__():46] System info init done
2023-01-06 17:00:56,921 INFO    HandlerThread:10932 [system_monitor.py:start():150] Starting system monitor
2023-01-06 17:00:56,921 INFO    SystemMonitor:10932 [system_monitor.py:_start():116] Starting system asset monitoring threads
2023-01-06 17:00:56,924 INFO    HandlerThread:10932 [system_monitor.py:probe():171] Collecting system info
2023-01-06 17:00:56,933 INFO    SystemMonitor:10932 [interfaces.py:start():168] Started cpu
2023-01-06 17:00:56,933 INFO    SystemMonitor:10932 [interfaces.py:start():168] Started disk
2023-01-06 17:00:56,936 INFO    SystemMonitor:10932 [interfaces.py:start():168] Started gpu
2023-01-06 17:00:56,937 INFO    SystemMonitor:10932 [interfaces.py:start():168] Started memory
2023-01-06 17:00:56,945 INFO    SystemMonitor:10932 [interfaces.py:start():168] Started network
2023-01-06 17:00:56,957 DEBUG   HandlerThread:10932 [system_info.py:probe():195] Probing system
2023-01-06 17:00:56,965 DEBUG   HandlerThread:10932 [system_info.py:_probe_git():180] Probing git
2023-01-06 17:00:57,083 DEBUG   HandlerThread:10932 [system_info.py:_probe_git():188] Probing git done
2023-01-06 17:00:57,083 DEBUG   HandlerThread:10932 [system_info.py:probe():241] Probing system done
2023-01-06 17:00:57,083 DEBUG   HandlerThread:10932 [system_monitor.py:probe():180] {'os': 'Windows-10-10.0.22621-SP0', 'python': '3.8.15', 'heartbeatAt': '2023-01-06T16:00:56.957917', 'startedAt': '2023-01-06T16:00:56.244394', 'docker': None, 'cuda': None, 'args': None, 'state': 'running', 'program': '<python with no main file>', 'git': {'remote': 'https://github.com/dhsvendsen/MLOps-Project-Detox.git', 'commit': '5c5f5fab5dde9ea89e1d6cb3bb96a1a7b5429878'}, 'email': 'rune7863@gmail.com', 'root': 'C:/Users/rune7/Documents/GitHub/MLOps-Project-Detox', 'host': 'Rune-PC', 'username': 'rune7', 'executable': 'c:\\Users\\rune7\\anaconda3\\envs\\mlops\\python.exe', 'cpu_count': 8, 'cpu_count_logical': 16, 'cpu_freq': {'current': 3201.0, 'min': 0.0, 'max': 3201.0}, 'cpu_freq_per_core': [{'current': 3201.0, 'min': 0.0, 'max': 3201.0}], 'disk': {'total': 952.6220664978027, 'used': 487.5453071594238}, 'gpu': 'NVIDIA GeForce RTX 3070 Laptop GPU', 'gpu_count': 1, 'gpu_devices': [{'name': 'NVIDIA GeForce RTX 3070 Laptop GPU', 'memory_total': 8589934592}], 'memory': {'total': 13.855525970458984}}
2023-01-06 17:00:57,083 INFO    HandlerThread:10932 [system_monitor.py:probe():181] Finished collecting system info
2023-01-06 17:00:57,083 INFO    HandlerThread:10932 [system_monitor.py:probe():184] Publishing system info
2023-01-06 17:00:57,083 DEBUG   HandlerThread:10932 [system_info.py:_save_pip():51] Saving list of pip packages installed into the current environment
2023-01-06 17:00:57,087 DEBUG   HandlerThread:10932 [system_info.py:_save_pip():67] Saving pip packages done
2023-01-06 17:00:57,087 DEBUG   HandlerThread:10932 [system_info.py:_save_conda():74] Saving list of conda packages installed into the current environment
2023-01-06 17:00:57,090 ERROR   HandlerThread:10932 [system_info.py:_save_conda():85] Error saving conda packages: [WinError 2] Den angivne fil blev ikke fundet
Traceback (most recent call last):
  File "c:\Users\rune7\anaconda3\envs\mlops\lib\site-packages\wandb\sdk\internal\system\system_info.py", line 81, in _save_conda
    subprocess.call(
  File "c:\Users\rune7\anaconda3\envs\mlops\lib\subprocess.py", line 340, in call
    with Popen(*popenargs, **kwargs) as p:
  File "c:\Users\rune7\anaconda3\envs\mlops\lib\subprocess.py", line 858, in __init__
    self._execute_child(args, executable, preexec_fn, close_fds,
  File "c:\Users\rune7\anaconda3\envs\mlops\lib\subprocess.py", line 1311, in _execute_child
    hp, ht, pid, tid = _winapi.CreateProcess(executable, args,
FileNotFoundError: [WinError 2] Den angivne fil blev ikke fundet
2023-01-06 17:00:57,095 DEBUG   HandlerThread:10932 [system_info.py:_save_conda():86] Saving conda packages done
2023-01-06 17:00:57,096 INFO    HandlerThread:10932 [system_monitor.py:probe():186] Finished publishing system info
2023-01-06 17:00:57,285 DEBUG   SenderThread:10932 [sender.py:send():303] send: files
2023-01-06 17:00:57,292 INFO    SenderThread:10932 [sender.py:_save_file():1171] saving file wandb-metadata.json with policy now
2023-01-06 17:00:57,311 DEBUG   HandlerThread:10932 [handler.py:handle_request():139] handle_request: stop_status
2023-01-06 17:00:57,312 DEBUG   SenderThread:10932 [sender.py:send_request():317] send_request: stop_status
2023-01-06 17:00:57,489 DEBUG   SenderThread:10932 [sender.py:send():303] send: telemetry
2023-01-06 17:00:57,489 DEBUG   SenderThread:10932 [sender.py:send():303] send: config
2023-01-06 17:00:57,489 DEBUG   SenderThread:10932 [sender.py:send():303] send: metric
2023-01-06 17:00:57,497 DEBUG   SenderThread:10932 [sender.py:send():303] send: telemetry
2023-01-06 17:00:57,497 DEBUG   SenderThread:10932 [sender.py:send():303] send: metric
2023-01-06 17:00:57,497 WARNING SenderThread:10932 [sender.py:send_metric():1127] Seen metric with glob (shouldn't happen)
2023-01-06 17:00:57,497 DEBUG   SenderThread:10932 [sender.py:send():303] send: telemetry
2023-01-06 17:00:57,776 INFO    Thread-17 :10932 [dir_watcher.py:_on_file_created():275] file/dir created: c:\Users\rune7\Documents\GitHub\MLOps-Project-Detox\notebooks\wandb\run-20230106_170056-1828j9rr\files\conda-environment.yaml
2023-01-06 17:00:57,776 INFO    Thread-17 :10932 [dir_watcher.py:_on_file_created():275] file/dir created: c:\Users\rune7\Documents\GitHub\MLOps-Project-Detox\notebooks\wandb\run-20230106_170056-1828j9rr\files\wandb-summary.json
2023-01-06 17:00:57,776 INFO    Thread-17 :10932 [dir_watcher.py:_on_file_created():275] file/dir created: c:\Users\rune7\Documents\GitHub\MLOps-Project-Detox\notebooks\wandb\run-20230106_170056-1828j9rr\files\output.log
2023-01-06 17:00:57,776 INFO    Thread-17 :10932 [dir_watcher.py:_on_file_created():275] file/dir created: c:\Users\rune7\Documents\GitHub\MLOps-Project-Detox\notebooks\wandb\run-20230106_170056-1828j9rr\files\requirements.txt
2023-01-06 17:00:57,776 INFO    Thread-17 :10932 [dir_watcher.py:_on_file_created():275] file/dir created: c:\Users\rune7\Documents\GitHub\MLOps-Project-Detox\notebooks\wandb\run-20230106_170056-1828j9rr\files\wandb-metadata.json
2023-01-06 17:00:57,916 INFO    Thread-22 :10932 [upload_job.py:push():143] Uploaded file C:\Users\rune7\AppData\Local\Temp\tmp8zv5_0pnwandb\19o2wul5-wandb-metadata.json
2023-01-06 17:00:59,796 INFO    Thread-17 :10932 [dir_watcher.py:_on_file_modified():292] file/dir modified: c:\Users\rune7\Documents\GitHub\MLOps-Project-Detox\notebooks\wandb\run-20230106_170056-1828j9rr\files\output.log
2023-01-06 17:01:04,812 DEBUG   HandlerThread:10932 [handler.py:handle_request():139] handle_request: pause
2023-01-06 17:01:04,812 INFO    HandlerThread:10932 [handler.py:handle_request_pause():696] stopping system metrics thread or process
2023-01-06 17:01:04,812 INFO    HandlerThread:10932 [system_monitor.py:finish():160] Stopping system monitor
2023-01-06 17:01:04,812 DEBUG   SystemMonitor:10932 [system_monitor.py:_start():130] Starting system metrics aggregation loop
2023-01-06 17:01:04,817 DEBUG   SystemMonitor:10932 [system_monitor.py:_start():137] Finished system metrics aggregation loop
2023-01-06 17:01:04,817 INFO    HandlerThread:10932 [interfaces.py:finish():175] Joined cpu
2023-01-06 17:01:04,817 DEBUG   SystemMonitor:10932 [system_monitor.py:_start():141] Publishing last batch of metrics
2023-01-06 17:01:04,817 INFO    HandlerThread:10932 [interfaces.py:finish():175] Joined disk
2023-01-06 17:01:04,849 INFO    HandlerThread:10932 [interfaces.py:finish():175] Joined gpu
2023-01-06 17:01:04,849 INFO    HandlerThread:10932 [interfaces.py:finish():175] Joined memory
2023-01-06 17:01:04,849 INFO    HandlerThread:10932 [interfaces.py:finish():175] Joined network
2023-01-06 17:01:04,849 DEBUG   SenderThread:10932 [sender.py:send():303] send: stats
2023-01-06 17:01:12,505 DEBUG   HandlerThread:10932 [handler.py:handle_request():139] handle_request: stop_status
2023-01-06 17:01:12,505 DEBUG   SenderThread:10932 [sender.py:send_request():317] send_request: stop_status
2023-01-06 17:01:27,713 DEBUG   HandlerThread:10932 [handler.py:handle_request():139] handle_request: stop_status
2023-01-06 17:01:27,713 DEBUG   SenderThread:10932 [sender.py:send_request():317] send_request: stop_status
2023-01-06 17:01:28,046 INFO    Thread-17 :10932 [dir_watcher.py:_on_file_modified():292] file/dir modified: c:\Users\rune7\Documents\GitHub\MLOps-Project-Detox\notebooks\wandb\run-20230106_170056-1828j9rr\files\config.yaml
2023-01-06 17:01:42,683 DEBUG   HandlerThread:10932 [handler.py:handle_request():139] handle_request: resume
2023-01-06 17:01:42,683 INFO    HandlerThread:10932 [handler.py:handle_request_resume():687] starting system metrics thread or process
2023-01-06 17:01:42,916 DEBUG   HandlerThread:10932 [handler.py:handle_request():139] handle_request: stop_status
2023-01-06 17:01:42,916 DEBUG   SenderThread:10932 [sender.py:send_request():317] send_request: stop_status
2023-01-06 17:01:43,910 DEBUG   SenderThread:10932 [sender.py:send():303] send: config
2023-01-06 17:01:43,912 DEBUG   SenderThread:10932 [sender.py:send():303] send: metric
2023-01-06 17:01:43,913 DEBUG   SenderThread:10932 [sender.py:send():303] send: metric
2023-01-06 17:01:43,913 WARNING SenderThread:10932 [sender.py:send_metric():1127] Seen metric with glob (shouldn't happen)
2023-01-06 17:01:44,173 INFO    Thread-17 :10932 [dir_watcher.py:_on_file_modified():292] file/dir modified: c:\Users\rune7\Documents\GitHub\MLOps-Project-Detox\notebooks\wandb\run-20230106_170056-1828j9rr\files\output.log
2023-01-06 17:01:46,168 DEBUG   HandlerThread:10932 [handler.py:handle_request():139] handle_request: pause
2023-01-06 17:01:46,168 INFO    HandlerThread:10932 [handler.py:handle_request_pause():696] stopping system metrics thread or process
2023-01-06 17:01:46,199 INFO    Thread-17 :10932 [dir_watcher.py:_on_file_modified():292] file/dir modified: c:\Users\rune7\Documents\GitHub\MLOps-Project-Detox\notebooks\wandb\run-20230106_170056-1828j9rr\files\output.log
2023-01-06 17:01:58,109 DEBUG   HandlerThread:10932 [handler.py:handle_request():139] handle_request: stop_status
2023-01-06 17:02:18,141 DEBUG   HandlerThread:10932 [handler.py:handle_request():139] handle_request: stop_status
2023-01-06 18:34:52,022 WARNING FileStreamThread:10932 [file_stream.py:request_with_retry():667] requests_with_retry encountered retryable exception: ('Connection aborted.', ConnectionAbortedError(10053, 'En oprettet forbindelse blev afbrudt af softwaren på værtscomputeren', None, 10053, None)). func: <bound method Session.post of <requests.sessions.Session object at 0x0000014217AB71C0>>, args: ('https://api.wandb.ai/files/oldboys/huggingface/1828j9rr/file_stream',), kwargs: {'json': {'complete': False, 'failed': False, 'dropped': 0, 'uploaded': []}}
2023-01-06 18:34:54,304 WARNING FileStreamThread:10932 [file_stream.py:request_with_retry():667] requests_with_retry encountered retryable exception: HTTPSConnectionPool(host='api.wandb.ai', port=443): Max retries exceeded with url: /files/oldboys/huggingface/1828j9rr/file_stream (Caused by NewConnectionError('<urllib3.connection.HTTPSConnection object at 0x0000014217DF5100>: Failed to establish a new connection: [Errno 11001] getaddrinfo failed')). func: <bound method Session.post of <requests.sessions.Session object at 0x0000014217AB71C0>>, args: ('https://api.wandb.ai/files/oldboys/huggingface/1828j9rr/file_stream',), kwargs: {'json': {'complete': False, 'failed': False, 'dropped': 0, 'uploaded': []}}
2023-01-06 18:34:54,312 ERROR   SenderThread:10932 [retry.py:__call__():154] Retry attempt failed:
Traceback (most recent call last):
  File "c:\Users\rune7\anaconda3\envs\mlops\lib\site-packages\urllib3\connection.py", line 174, in _new_conn
    conn = connection.create_connection(
  File "c:\Users\rune7\anaconda3\envs\mlops\lib\site-packages\urllib3\util\connection.py", line 72, in create_connection
    for res in socket.getaddrinfo(host, port, family, socket.SOCK_STREAM):
  File "c:\Users\rune7\anaconda3\envs\mlops\lib\socket.py", line 918, in getaddrinfo
    for res in _socket.getaddrinfo(host, port, family, type, proto, flags):
socket.gaierror: [Errno 11001] getaddrinfo failed

During handling of the above exception, another exception occurred:

Traceback (most recent call last):
  File "c:\Users\rune7\anaconda3\envs\mlops\lib\site-packages\urllib3\connectionpool.py", line 703, in urlopen
    httplib_response = self._make_request(
  File "c:\Users\rune7\anaconda3\envs\mlops\lib\site-packages\urllib3\connectionpool.py", line 386, in _make_request
    self._validate_conn(conn)
  File "c:\Users\rune7\anaconda3\envs\mlops\lib\site-packages\urllib3\connectionpool.py", line 1042, in _validate_conn
    conn.connect()
  File "c:\Users\rune7\anaconda3\envs\mlops\lib\site-packages\urllib3\connection.py", line 358, in connect
    self.sock = conn = self._new_conn()
  File "c:\Users\rune7\anaconda3\envs\mlops\lib\site-packages\urllib3\connection.py", line 186, in _new_conn
    raise NewConnectionError(
urllib3.exceptions.NewConnectionError: <urllib3.connection.HTTPSConnection object at 0x0000014217DFDAC0>: Failed to establish a new connection: [Errno 11001] getaddrinfo failed

During handling of the above exception, another exception occurred:

Traceback (most recent call last):
  File "c:\Users\rune7\anaconda3\envs\mlops\lib\site-packages\requests\adapters.py", line 489, in send
    resp = conn.urlopen(
  File "c:\Users\rune7\anaconda3\envs\mlops\lib\site-packages\urllib3\connectionpool.py", line 787, in urlopen
    retries = retries.increment(
  File "c:\Users\rune7\anaconda3\envs\mlops\lib\site-packages\urllib3\util\retry.py", line 592, in increment
    raise MaxRetryError(_pool, url, error or ResponseError(cause))
urllib3.exceptions.MaxRetryError: HTTPSConnectionPool(host='api.wandb.ai', port=443): Max retries exceeded with url: /graphql (Caused by NewConnectionError('<urllib3.connection.HTTPSConnection object at 0x0000014217DFDAC0>: Failed to establish a new connection: [Errno 11001] getaddrinfo failed'))

During handling of the above exception, another exception occurred:

Traceback (most recent call last):
  File "c:\Users\rune7\anaconda3\envs\mlops\lib\site-packages\wandb\sdk\lib\retry.py", line 113, in __call__
    result = self._call_fn(*args, **kwargs)
  File "c:\Users\rune7\anaconda3\envs\mlops\lib\site-packages\wandb\sdk\internal\internal_api.py", line 209, in execute
    return self.client.execute(*args, **kwargs)  # type: ignore
  File "c:\Users\rune7\anaconda3\envs\mlops\lib\site-packages\wandb\vendor\gql-0.2.0\wandb_gql\client.py", line 52, in execute
    result = self._get_result(document, *args, **kwargs)
  File "c:\Users\rune7\anaconda3\envs\mlops\lib\site-packages\wandb\vendor\gql-0.2.0\wandb_gql\client.py", line 60, in _get_result
    return self.transport.execute(document, *args, **kwargs)
  File "c:\Users\rune7\anaconda3\envs\mlops\lib\site-packages\wandb\vendor\gql-0.2.0\wandb_gql\transport\requests.py", line 38, in execute
    request = requests.post(self.url, **post_args)
  File "c:\Users\rune7\anaconda3\envs\mlops\lib\site-packages\requests\api.py", line 115, in post
    return request("post", url, data=data, json=json, **kwargs)
  File "c:\Users\rune7\anaconda3\envs\mlops\lib\site-packages\requests\api.py", line 59, in request
    return session.request(method=method, url=url, **kwargs)
  File "c:\Users\rune7\anaconda3\envs\mlops\lib\site-packages\requests\sessions.py", line 587, in request
    resp = self.send(prep, **send_kwargs)
  File "c:\Users\rune7\anaconda3\envs\mlops\lib\site-packages\requests\sessions.py", line 701, in send
    r = adapter.send(request, **kwargs)
  File "c:\Users\rune7\anaconda3\envs\mlops\lib\site-packages\requests\adapters.py", line 565, in send
    raise ConnectionError(e, request=request)
requests.exceptions.ConnectionError: HTTPSConnectionPool(host='api.wandb.ai', port=443): Max retries exceeded with url: /graphql (Caused by NewConnectionError('<urllib3.connection.HTTPSConnection object at 0x0000014217DFDAC0>: Failed to establish a new connection: [Errno 11001] getaddrinfo failed'))
2023-01-06 18:34:59,528 WARNING FileStreamThread:10932 [file_stream.py:request_with_retry():667] requests_with_retry encountered retryable exception: HTTPSConnectionPool(host='api.wandb.ai', port=443): Max retries exceeded with url: /files/oldboys/huggingface/1828j9rr/file_stream (Caused by NewConnectionError('<urllib3.connection.HTTPSConnection object at 0x0000014217DFD280>: Failed to establish a new connection: [Errno 11001] getaddrinfo failed')). func: <bound method Session.post of <requests.sessions.Session object at 0x0000014217AB71C0>>, args: ('https://api.wandb.ai/files/oldboys/huggingface/1828j9rr/file_stream',), kwargs: {'json': {'complete': False, 'failed': False, 'dropped': 0, 'uploaded': []}}
2023-01-06 18:35:07,032 DEBUG   HandlerThread:10932 [handler.py:handle_request():139] handle_request: stop_status
